# JRE version: Java(TM) SE Runtime Environment (8.0_45-b14) (build 1.8.0_45-b14)
# Java VM: Java HotSpot(TM) 64-Bit Server VM (25.45-b02 mixed mode bsd-amd64 compressed oops)
Heap:
 PSYoungGen      total 290816K, used 24100K [0x0000000167580000, 0x000000018ac80000, 0x0000000192000000)
  eden space 266240K, 3% used [0x0000000167580000,0x0000000167e5c918,0x0000000177980000)
  from space 24576K, 61% used [0x0000000177980000,0x000000017882ca40,0x0000000179180000)
  to   space 24064K, 0% used [0x0000000189500000,0x0000000189500000,0x000000018ac80000)
 ParOldGen       total 87552K, used 63398K [0x0000000112000000, 0x0000000117580000, 0x0000000167580000)
  object space 87552K, 72% used [0x0000000112000000,0x0000000115de9b60,0x0000000117580000)
 Metaspace       used 4157K, capacity 4768K, committed 4864K, reserved 1056768K
  class space    used 442K, capacity 464K, committed 512K, reserved 1048576K
GC Heap History (10 events):
Event: 0.700 GC heap before
{Heap before GC invocations=3 (full 0):
 PSYoungGen      total 71680K, used 71672K [0x0000000167580000, 0x000000016c080000, 0x0000000192000000)
  eden space 66560K, 100% used [0x0000000167580000,0x000000016b680000,0x000000016b680000)
  from space 5120K, 99% used [0x000000016bb80000,0x000000016c07e1b8,0x000000016c080000)
  to   space 5120K, 0% used [0x000000016b680000,0x000000016b680000,0x000000016bb80000)
 ParOldGen       total 87552K, used 16059K [0x0000000112000000, 0x0000000117580000, 0x0000000167580000)
  object space 87552K, 18% used [0x0000000112000000,0x0000000112faef30,0x0000000117580000)
 Metaspace       used 3814K, capacity 4604K, committed 4864K, reserved 1056768K
  class space    used 414K, capacity 428K, committed 512K, reserved 1048576K
Event: 0.718 GC heap after
Heap after GC invocations=3 (full 0):
 PSYoungGen      total 71680K, used 5120K [0x0000000167580000, 0x0000000170180000, 0x0000000192000000)
  eden space 66560K, 0% used [0x0000000167580000,0x0000000167580000,0x000000016b680000)
  from space 5120K, 100% used [0x000000016b680000,0x000000016bb80000,0x000000016bb80000)
  to   space 5120K, 0% used [0x000000016fc80000,0x000000016fc80000,0x0000000170180000)
 ParOldGen       total 87552K, used 30492K [0x0000000112000000, 0x0000000117580000, 0x0000000167580000)
  object space 87552K, 34% used [0x0000000112000000,0x0000000113dc73b8,0x0000000117580000)
 Metaspace       used 3814K, capacity 4604K, committed 4864K, reserved 1056768K
  class space    used 414K, capacity 428K, committed 512K, reserved 1048576K
}
Event: 0.876 GC heap before
{Heap before GC invocations=4 (full 0):
 PSYoungGen      total 71680K, used 71680K [0x0000000167580000, 0x0000000170180000, 0x0000000192000000)
  eden space 66560K, 100% used [0x0000000167580000,0x000000016b680000,0x000000016b680000)
  from space 5120K, 100% used [0x000000016b680000,0x000000016bb80000,0x000000016bb80000)
  to   space 5120K, 0% used [0x000000016fc80000,0x000000016fc80000,0x0000000170180000)
 ParOldGen       total 87552K, used 30492K [0x0000000112000000, 0x0000000117580000, 0x0000000167580000)
  object space 87552K, 34% used [0x0000000112000000,0x0000000113dc73b8,0x0000000117580000)
 Metaspace       used 3818K, capacity 4604K, committed 4864K, reserved 1056768K
  class space    used 414K, capacity 428K, committed 512K, reserved 1048576K
Event: 0.903 GC heap after
Heap after GC invocations=4 (full 0):
 PSYoungGen      total 138240K, used 5120K [0x0000000167580000, 0x0000000170180000, 0x0000000192000000)
  eden space 133120K, 0% used [0x0000000167580000,0x0000000167580000,0x000000016f780000)
  from space 5120K, 100% used [0x000000016fc80000,0x0000000170180000,0x0000000170180000)
  to   space 5120K, 0% used [0x000000016f780000,0x000000016f780000,0x000000016fc80000)
 ParOldGen       total 87552K, used 41239K [0x0000000112000000, 0x0000000117580000, 0x0000000167580000)
  object space 87552K, 47% used [0x0000000112000000,0x0000000114845d38,0x0000000117580000)
 Metaspace       used 3818K, capacity 4604K, committed 4864K, reserved 1056768K
  class space    used 414K, capacity 428K, committed 512K, reserved 1048576K
}
Event: 1.225 GC heap before
{Heap before GC invocations=5 (full 0):
 PSYoungGen      total 138240K, used 138240K [0x0000000167580000, 0x0000000170180000, 0x0000000192000000)
  eden space 133120K, 100% used [0x0000000167580000,0x000000016f780000,0x000000016f780000)
  from space 5120K, 100% used [0x000000016fc80000,0x0000000170180000,0x0000000170180000)
  to   space 5120K, 0% used [0x000000016f780000,0x000000016f780000,0x000000016fc80000)
 ParOldGen       total 87552K, used 41239K [0x0000000112000000, 0x0000000117580000, 0x0000000167580000)
  object space 87552K, 47% used [0x0000000112000000,0x0000000114845d38,0x0000000117580000)
 Metaspace       used 3819K, capacity 4604K, committed 4864K, reserved 1056768K
  class space    used 414K, capacity 428K, committed 512K, reserved 1048576K
Event: 1.254 GC heap after
Heap after GC invocations=5 (full 0):
 PSYoungGen      total 138240K, used 5120K [0x0000000167580000, 0x000000017ab80000, 0x0000000192000000)
  eden space 133120K, 0% used [0x0000000167580000,0x0000000167580000,0x000000016f780000)
  from space 5120K, 100% used [0x000000016f780000,0x000000016fc80000,0x000000016fc80000)
  to   space 25600K, 0% used [0x0000000179280000,0x0000000179280000,0x000000017ab80000)
 ParOldGen       total 87552K, used 59982K [0x0000000112000000, 0x0000000117580000, 0x0000000167580000)
  object space 87552K, 68% used [0x0000000112000000,0x0000000115a93b60,0x0000000117580000)
 Metaspace       used 3819K, capacity 4604K, committed 4864K, reserved 1056768K
  class space    used 414K, capacity 428K, committed 512K, reserved 1048576K
}
Event: 1.863 GC heap before
{Heap before GC invocations=6 (full 0):
 PSYoungGen      total 138240K, used 138240K [0x0000000167580000, 0x000000017ab80000, 0x0000000192000000)
  eden space 133120K, 100% used [0x0000000167580000,0x000000016f780000,0x000000016f780000)
  from space 5120K, 100% used [0x000000016f780000,0x000000016fc80000,0x000000016fc80000)
  to   space 25600K, 0% used [0x0000000179280000,0x0000000179280000,0x000000017ab80000)
 ParOldGen       total 87552K, used 59982K [0x0000000112000000, 0x0000000117580000, 0x0000000167580000)
  object space 87552K, 68% used [0x0000000112000000,0x0000000115a93b60,0x0000000117580000)
 Metaspace       used 4012K, capacity 4704K, committed 4864K, reserved 1056768K
  class space    used 435K, capacity 464K, committed 512K, reserved 1048576K
Event: 1.890 GC heap after
Heap after GC invocations=6 (full 0):
 PSYoungGen      total 289792K, used 16689K [0x0000000167580000, 0x000000017a980000, 0x0000000192000000)
  eden space 266240K, 0% used [0x0000000167580000,0x0000000167580000,0x0000000177980000)
  from space 23552K, 70% used [0x0000000179280000,0x000000017a2cc6c8,0x000000017a980000)
  to   space 24576K, 0% used [0x0000000177980000,0x0000000177980000,0x0000000179180000)
 ParOldGen       total 87552K, used 59990K [0x0000000112000000, 0x0000000117580000, 0x0000000167580000)
  object space 87552K, 68% used [0x0000000112000000,0x0000000115a95b60,0x0000000117580000)
 Metaspace       used 4012K, capacity 4704K, committed 4864K, reserved 1056768K
  class space    used 435K, capacity 464K, committed 512K, reserved 1048576K
}
Event: 2.459 GC heap before
{Heap before GC invocations=7 (full 0):
 PSYoungGen      total 289792K, used 282929K [0x0000000167580000, 0x000000017a980000, 0x0000000192000000)
  eden space 266240K, 100% used [0x0000000167580000,0x0000000177980000,0x0000000177980000)
  from space 23552K, 70% used [0x0000000179280000,0x000000017a2cc6c8,0x000000017a980000)
  to   space 24576K, 0% used [0x0000000177980000,0x0000000177980000,0x0000000179180000)
 ParOldGen       total 87552K, used 59990K [0x0000000112000000, 0x0000000117580000, 0x0000000167580000)
  object space 87552K, 68% used [0x0000000112000000,0x0000000115a95b60,0x0000000117580000)
 Metaspace       used 4031K, capacity 4704K, committed 4864K, reserved 1056768K
  class space    used 435K, capacity 464K, committed 512K, reserved 1048576K
Event: 2.508 GC heap after
Heap after GC invocations=7 (full 0):
 PSYoungGen      total 290816K, used 15026K [0x0000000167580000, 0x000000018ac80000, 0x0000000192000000)
  eden space 266240K, 0% used [0x0000000167580000,0x0000000167580000,0x0000000177980000)
  from space 24576K, 61% used [0x0000000177980000,0x000000017882ca40,0x0000000179180000)
  to   space 24064K, 0% used [0x0000000189500000,0x0000000189500000,0x000000018ac80000)
 ParOldGen       total 87552K, used 63398K [0x0000000112000000, 0x0000000117580000, 0x0000000167580000)
  object space 87552K, 72% used [0x0000000112000000,0x0000000115de9b60,0x0000000117580000)
 Metaspace       used 4031K, capacity 4704K, committed 4864K, reserved 1056768K
  class space    used 435K, capacity 464K, committed 512K, reserved 1048576K
}

