# JRE version: Java(TM) SE Runtime Environment (8.0_45-b14) (build 1.8.0_45-b14)
# Java VM: Java HotSpot(TM) 64-Bit Server VM (25.45-b02 mixed mode bsd-amd64 compressed oops)
Heap:
 PSYoungGen      total 698368K, used 286152K [0x0000000795580000, 0x00000007c0000000, 0x00000007c0000000)
  eden space 697856K, 41% used [0x0000000795580000,0x00000007a6cea3d8,0x00000007bff00000)
  from space 512K, 6% used [0x00000007bff00000,0x00000007bff08000,0x00000007bff80000)
  to   space 512K, 0% used [0x00000007bff80000,0x00000007bff80000,0x00000007c0000000)
 ParOldGen       total 146432K, used 78678K [0x0000000740000000, 0x0000000748f00000, 0x0000000795580000)
  object space 146432K, 53% used [0x0000000740000000,0x0000000744cd5bd0,0x0000000748f00000)
 Metaspace       used 4133K, capacity 4736K, committed 4864K, reserved 1056768K
  class space    used 442K, capacity 496K, committed 512K, reserved 1048576K
GC Heap History (10 events):
Event: 158.042 GC heap before
{Heap before GC invocations=94 (full 1):
 PSYoungGen      total 698368K, used 697888K [0x0000000795580000, 0x00000007c0000000, 0x00000007c0000000)
  eden space 697856K, 100% used [0x0000000795580000,0x00000007bff00000,0x00000007bff00000)
  from space 512K, 6% used [0x00000007bff80000,0x00000007bff88000,0x00000007c0000000)
  to   space 512K, 0% used [0x00000007bff00000,0x00000007bff00000,0x00000007bff80000)
 ParOldGen       total 146432K, used 78678K [0x0000000740000000, 0x0000000748f00000, 0x0000000795580000)
  object space 146432K, 53% used [0x0000000740000000,0x0000000744cd5bd0,0x0000000748f00000)
 Metaspace       used 4070K, capacity 4704K, committed 4864K, reserved 1056768K
  class space    used 436K, capacity 464K, committed 512K, reserved 1048576K
Event: 158.042 GC heap after
Heap after GC invocations=94 (full 1):
 PSYoungGen      total 698368K, used 32K [0x0000000795580000, 0x00000007c0000000, 0x00000007c0000000)
  eden space 697856K, 0% used [0x0000000795580000,0x0000000795580000,0x00000007bff00000)
  from space 512K, 6% used [0x00000007bff00000,0x00000007bff08000,0x00000007bff80000)
  to   space 512K, 0% used [0x00000007bff80000,0x00000007bff80000,0x00000007c0000000)
 ParOldGen       total 146432K, used 78678K [0x0000000740000000, 0x0000000748f00000, 0x0000000795580000)
  object space 146432K, 53% used [0x0000000740000000,0x0000000744cd5bd0,0x0000000748f00000)
 Metaspace       used 4070K, capacity 4704K, committed 4864K, reserved 1056768K
  class space    used 436K, capacity 464K, committed 512K, reserved 1048576K
}
Event: 158.742 GC heap before
{Heap before GC invocations=95 (full 1):
 PSYoungGen      total 698368K, used 697888K [0x0000000795580000, 0x00000007c0000000, 0x00000007c0000000)
  eden space 697856K, 100% used [0x0000000795580000,0x00000007bff00000,0x00000007bff00000)
  from space 512K, 6% used [0x00000007bff00000,0x00000007bff08000,0x00000007bff80000)
  to   space 512K, 0% used [0x00000007bff80000,0x00000007bff80000,0x00000007c0000000)
 ParOldGen       total 146432K, used 78678K [0x0000000740000000, 0x0000000748f00000, 0x0000000795580000)
  object space 146432K, 53% used [0x0000000740000000,0x0000000744cd5bd0,0x0000000748f00000)
 Metaspace       used 4070K, capacity 4704K, committed 4864K, reserved 1056768K
  class space    used 436K, capacity 464K, committed 512K, reserved 1048576K
Event: 158.742 GC heap after
Heap after GC invocations=95 (full 1):
 PSYoungGen      total 698368K, used 32K [0x0000000795580000, 0x00000007c0000000, 0x00000007c0000000)
  eden space 697856K, 0% used [0x0000000795580000,0x0000000795580000,0x00000007bff00000)
  from space 512K, 6% used [0x00000007bff80000,0x00000007bff88000,0x00000007c0000000)
  to   space 512K, 0% used [0x00000007bff00000,0x00000007bff00000,0x00000007bff80000)
 ParOldGen       total 146432K, used 78678K [0x0000000740000000, 0x0000000748f00000, 0x0000000795580000)
  object space 146432K, 53% used [0x0000000740000000,0x0000000744cd5bd0,0x0000000748f00000)
 Metaspace       used 4070K, capacity 4704K, committed 4864K, reserved 1056768K
  class space    used 436K, capacity 464K, committed 512K, reserved 1048576K
}
Event: 159.448 GC heap before
{Heap before GC invocations=96 (full 1):
 PSYoungGen      total 698368K, used 697888K [0x0000000795580000, 0x00000007c0000000, 0x00000007c0000000)
  eden space 697856K, 100% used [0x0000000795580000,0x00000007bff00000,0x00000007bff00000)
  from space 512K, 6% used [0x00000007bff80000,0x00000007bff88000,0x00000007c0000000)
  to   space 512K, 0% used [0x00000007bff00000,0x00000007bff00000,0x00000007bff80000)
 ParOldGen       total 146432K, used 78678K [0x0000000740000000, 0x0000000748f00000, 0x0000000795580000)
  object space 146432K, 53% used [0x0000000740000000,0x0000000744cd5bd0,0x0000000748f00000)
 Metaspace       used 4070K, capacity 4704K, committed 4864K, reserved 1056768K
  class space    used 436K, capacity 464K, committed 512K, reserved 1048576K
Event: 159.448 GC heap after
Heap after GC invocations=96 (full 1):
 PSYoungGen      total 698368K, used 32K [0x0000000795580000, 0x00000007c0000000, 0x00000007c0000000)
  eden space 697856K, 0% used [0x0000000795580000,0x0000000795580000,0x00000007bff00000)
  from space 512K, 6% used [0x00000007bff00000,0x00000007bff08000,0x00000007bff80000)
  to   space 512K, 0% used [0x00000007bff80000,0x00000007bff80000,0x00000007c0000000)
 ParOldGen       total 146432K, used 78678K [0x0000000740000000, 0x0000000748f00000, 0x0000000795580000)
  object space 146432K, 53% used [0x0000000740000000,0x0000000744cd5bd0,0x0000000748f00000)
 Metaspace       used 4070K, capacity 4704K, committed 4864K, reserved 1056768K
  class space    used 436K, capacity 464K, committed 512K, reserved 1048576K
}
Event: 160.147 GC heap before
{Heap before GC invocations=97 (full 1):
 PSYoungGen      total 698368K, used 697888K [0x0000000795580000, 0x00000007c0000000, 0x00000007c0000000)
  eden space 697856K, 100% used [0x0000000795580000,0x00000007bff00000,0x00000007bff00000)
  from space 512K, 6% used [0x00000007bff00000,0x00000007bff08000,0x00000007bff80000)
  to   space 512K, 0% used [0x00000007bff80000,0x00000007bff80000,0x00000007c0000000)
 ParOldGen       total 146432K, used 78678K [0x0000000740000000, 0x0000000748f00000, 0x0000000795580000)
  object space 146432K, 53% used [0x0000000740000000,0x0000000744cd5bd0,0x0000000748f00000)
 Metaspace       used 4070K, capacity 4704K, committed 4864K, reserved 1056768K
  class space    used 436K, capacity 464K, committed 512K, reserved 1048576K
Event: 160.148 GC heap after
Heap after GC invocations=97 (full 1):
 PSYoungGen      total 698368K, used 32K [0x0000000795580000, 0x00000007c0000000, 0x00000007c0000000)
  eden space 697856K, 0% used [0x0000000795580000,0x0000000795580000,0x00000007bff00000)
  from space 512K, 6% used [0x00000007bff80000,0x00000007bff88000,0x00000007c0000000)
  to   space 512K, 0% used [0x00000007bff00000,0x00000007bff00000,0x00000007bff80000)
 ParOldGen       total 146432K, used 78678K [0x0000000740000000, 0x0000000748f00000, 0x0000000795580000)
  object space 146432K, 53% used [0x0000000740000000,0x0000000744cd5bd0,0x0000000748f00000)
 Metaspace       used 4070K, capacity 4704K, committed 4864K, reserved 1056768K
  class space    used 436K, capacity 464K, committed 512K, reserved 1048576K
}
Event: 160.849 GC heap before
{Heap before GC invocations=98 (full 1):
 PSYoungGen      total 698368K, used 697888K [0x0000000795580000, 0x00000007c0000000, 0x00000007c0000000)
  eden space 697856K, 100% used [0x0000000795580000,0x00000007bff00000,0x00000007bff00000)
  from space 512K, 6% used [0x00000007bff80000,0x00000007bff88000,0x00000007c0000000)
  to   space 512K, 0% used [0x00000007bff00000,0x00000007bff00000,0x00000007bff80000)
 ParOldGen       total 146432K, used 78678K [0x0000000740000000, 0x0000000748f00000, 0x0000000795580000)
  object space 146432K, 53% used [0x0000000740000000,0x0000000744cd5bd0,0x0000000748f00000)
 Metaspace       used 4070K, capacity 4704K, committed 4864K, reserved 1056768K
  class space    used 436K, capacity 464K, committed 512K, reserved 1048576K
Event: 160.849 GC heap after
Heap after GC invocations=98 (full 1):
 PSYoungGen      total 698368K, used 32K [0x0000000795580000, 0x00000007c0000000, 0x00000007c0000000)
  eden space 697856K, 0% used [0x0000000795580000,0x0000000795580000,0x00000007bff00000)
  from space 512K, 6% used [0x00000007bff00000,0x00000007bff08000,0x00000007bff80000)
  to   space 512K, 0% used [0x00000007bff80000,0x00000007bff80000,0x00000007c0000000)
 ParOldGen       total 146432K, used 78678K [0x0000000740000000, 0x0000000748f00000, 0x0000000795580000)
  object space 146432K, 53% used [0x0000000740000000,0x0000000744cd5bd0,0x0000000748f00000)
 Metaspace       used 4070K, capacity 4704K, committed 4864K, reserved 1056768K
  class space    used 436K, capacity 464K, committed 512K, reserved 1048576K
}

